<?xml version="1.0" encoding="UTF-8"?>
<!-- Generated by org.testng.reporters.JUnitReportReporter -->
<testsuite name="com.online.testcases.loginTestCase001" tests="2" time="39.451" ignored="0" failures="0" timestamp="29 Oct 2017 05:47:34 GMT" skipped="0" hostname="eday" errors="0">
  <testcase name="loginn" time="30.427" classname="com.online.testcases.loginTestCase001"/>
  <testcase name="loginPageTitleTest" time="9.024" classname="com.online.testcases.loginTestCase001"/>
</testsuite> <!-- com.online.testcases.loginTestCase001 -->
